<?xml version="1.0" encoding="UTF-8"?>
<!-- Generated by org.testng.reporters.JUnitXMLReporter -->
<testsuite hostname="DESKTOP-DPD70NP" ignored="0" name="Test" tests="4" failures="0" timestamp="2021-03-09T14:29:46 IST" time="0.061" errors="0">
  <testcase name="NativeAppAndroid" time="0.005" classname="qaclickacademy.mavenjava.AppiumTest"/>
  <testcase name="NativeAppiOS" time="0.0" classname="qaclickacademy.mavenjava.AppiumTest"/>
  <testcase name="BrowserAutomation" time="0.0" classname="qaclickacademy.mavenjava.SeleniumTest"/>
  <testcase name="elementsUI" time="0.0" classname="qaclickacademy.mavenjava.SeleniumTest"/>
</testsuite> <!-- Test -->
