<?xml version="1.0" encoding="UTF-8"?>
<testng-results skipped="0" failed="0" ignored="0" total="4" passed="4">
  <reporter-output>
  </reporter-output>
  <suite name="Suite" duration-ms="61" started-at="2021-03-09T14:29:46 IST" finished-at="2021-03-09T14:29:46 IST">
    <groups>
    </groups>
    <test name="Test" duration-ms="61" started-at="2021-03-09T14:29:46 IST" finished-at="2021-03-09T14:29:46 IST">
      <class name="qaclickacademy.mavenjava.SeleniumTest">
        <test-method status="PASS" signature="BrowserAutomation()[pri:0, instance:qaclickacademy.mavenjava.SeleniumTest@3224f60b]" name="BrowserAutomation" duration-ms="0" started-at="2021-03-09T14:29:46 IST" finished-at="2021-03-09T14:29:46 IST">
          <reporter-output>
          </reporter-output>
        </test-method> <!-- BrowserAutomation -->
        <test-method status="PASS" signature="elementsUI()[pri:0, instance:qaclickacademy.mavenjava.SeleniumTest@3224f60b]" name="elementsUI" duration-ms="0" started-at="2021-03-09T14:29:46 IST" finished-at="2021-03-09T14:29:46 IST">
          <reporter-output>
          </reporter-output>
        </test-method> <!-- elementsUI -->
      </class> <!-- qaclickacademy.mavenjava.SeleniumTest -->
      <class name="qaclickacademy.mavenjava.AppiumTest">
        <test-method status="PASS" signature="NativeAppAndroid()[pri:0, instance:qaclickacademy.mavenjava.AppiumTest@6e6c3152]" name="NativeAppAndroid" duration-ms="5" started-at="2021-03-09T14:29:46 IST" finished-at="2021-03-09T14:29:46 IST">
          <reporter-output>
          </reporter-output>
        </test-method> <!-- NativeAppAndroid -->
        <test-method status="PASS" signature="NativeAppiOS()[pri:0, instance:qaclickacademy.mavenjava.AppiumTest@6e6c3152]" name="NativeAppiOS" duration-ms="0" started-at="2021-03-09T14:29:46 IST" finished-at="2021-03-09T14:29:46 IST">
          <reporter-output>
          </reporter-output>
        </test-method> <!-- NativeAppiOS -->
      </class> <!-- qaclickacademy.mavenjava.AppiumTest -->
    </test> <!-- Test -->
  </suite> <!-- Suite -->
</testng-results>
